Generated at 2014-09-12 17:17:37 +0000
NoMethodError: undefined method `attribute' for Chef::Resource::Log
/opt/chefdk/embedded/apps/chef/lib/chef/resource.rb:300:in `method_missing'
/root/cookbooks/jboss/recipes/default.rb:21:in `block in from_file'
/opt/chefdk/embedded/apps/chef/lib/chef/dsl/recipe.rb:136:in `instance_eval'
/opt/chefdk/embedded/apps/chef/lib/chef/dsl/recipe.rb:136:in `build_resource'
/opt/chefdk/embedded/apps/chef/lib/chef/dsl/recipe.rb:85:in `declare_resource'
/opt/chefdk/embedded/apps/chef/lib/chef/dsl/recipe.rb:41:in `method_missing'
/root/cookbooks/jboss/recipes/default.rb:20:in `from_file'
/opt/chefdk/embedded/apps/chef/lib/chef/mixin/from_file.rb:30:in `instance_eval'
/opt/chefdk/embedded/apps/chef/lib/chef/mixin/from_file.rb:30:in `from_file'
/opt/chefdk/embedded/apps/chef/lib/chef/cookbook_version.rb:234:in `load_recipe'
/opt/chefdk/embedded/apps/chef/lib/chef/run_context.rb:166:in `load_recipe'
/opt/chefdk/embedded/apps/chef/lib/chef/run_context/cookbook_compiler.rb:140:in `block in compile_recipes'
/opt/chefdk/embedded/apps/chef/lib/chef/run_context/cookbook_compiler.rb:138:in `each'
/opt/chefdk/embedded/apps/chef/lib/chef/run_context/cookbook_compiler.rb:138:in `compile_recipes'
/opt/chefdk/embedded/apps/chef/lib/chef/run_context/cookbook_compiler.rb:75:in `compile'
/opt/chefdk/embedded/apps/chef/lib/chef/run_context.rb:89:in `load'
/opt/chefdk/embedded/apps/chef/lib/chef/policy_builder/expand_node_object.rb:73:in `setup_run_context'
/opt/chefdk/embedded/apps/chef/lib/chef/client.rb:265:in `setup_run_context'
/opt/chefdk/embedded/apps/chef/lib/chef/client.rb:429:in `do_run'
/opt/chefdk/embedded/apps/chef/lib/chef/client.rb:213:in `block in run'
/opt/chefdk/embedded/apps/chef/lib/chef/client.rb:207:in `fork'
/opt/chefdk/embedded/apps/chef/lib/chef/client.rb:207:in `run'
/opt/chefdk/embedded/apps/chef/lib/chef/application.rb:236:in `run_chef_client'
/opt/chefdk/embedded/apps/chef/lib/chef/application/solo.rb:226:in `block in run_application'
/opt/chefdk/embedded/apps/chef/lib/chef/application/solo.rb:218:in `loop'
/opt/chefdk/embedded/apps/chef/lib/chef/application/solo.rb:218:in `run_application'
/opt/chefdk/embedded/apps/chef/lib/chef/application.rb:55:in `run'
/opt/chefdk/embedded/apps/chef/bin/chef-solo:25:in `<top (required)>'
/usr/bin/chef-solo:34:in `load'
/usr/bin/chef-solo:34:in `<main>'